{
  "numFailedTestSuites": 0,
  "numFailedTests": 0,
  "numPassedTestSuites": 2,
  "numPassedTests": 4,
  "numPendingTestSuites": 0,
  "numPendingTests": 0,
  "numRuntimeErrorTestSuites": 0,
  "numTodoTests": 0,
  "numTotalTestSuites": 2,
  "numTotalTests": 4,
  "openHandles": [],
  "snapshot": {
    "added": 0,
    "didUpdate": false,
    "failure": false,
    "filesAdded": 0,
    "filesRemoved": 0,
    "filesRemovedList": [],
    "filesUnmatched": 0,
    "filesUpdated": 0,
    "matched": 0,
    "total": 0,
    "unchecked": 0,
    "uncheckedKeysByFile": [],
    "unmatched": 0,
    "updated": 0
  },
  "startTime": 1730372596109,
  "success": false,
  "testResults": [
    {
      "leaks": false,
      "numFailingTests": 0,
      "numPassingTests": 2,
      "numPendingTests": 0,
      "numTodoTests": 0,
      "openHandles": [],
      "perfStats": {
        "end": 1730372603422,
        "runtime": 6911,
        "slow": true,
        "start": 1730372596511
      },
      "skipped": false,
      "snapshot": {
        "added": 0,
        "fileDeleted": false,
        "matched": 0,
        "unchecked": 0,
        "uncheckedKeys": [],
        "unmatched": 0,
        "updated": 0
      },
      "testFilePath": "/Users/it062305/dev/automationframework/apiAutomation/src/__tests__/user/api.test.ts",
      "testResults": [
        {
          "ancestorTitles": [
            "Login Tests"
          ],
          "duration": 555,
          "failureDetails": [],
          "failureMessages": [],
          "fullName": "Login Tests Should login successfully with valid USER credentials",
          "invocations": 1,
          "location": null,
          "numPassingAsserts": 2,
          "retryReasons": [],
          "status": "passed",
          "title": "Should login successfully with valid USER credentials"
        },
        {
          "ancestorTitles": [
            "Login Tests"
          ],
          "duration": 381,
          "failureDetails": [],
          "failureMessages": [],
          "fullName": "Login Tests Should login successfully with valid ADMIN credentials",
          "invocations": 1,
          "location": null,
          "numPassingAsserts": 2,
          "retryReasons": [],
          "status": "passed",
          "title": "Should login successfully with valid ADMIN credentials"
        }
      ],
      "failureMessage": null
    },
    {
      "leaks": false,
      "numFailingTests": 0,
      "numPassingTests": 2,
      "numPendingTests": 0,
      "numTodoTests": 0,
      "openHandles": [],
      "perfStats": {
        "end": 1730372603559,
        "runtime": 7048,
        "slow": true,
        "start": 1730372596511
      },
      "skipped": false,
      "snapshot": {
        "added": 0,
        "fileDeleted": false,
        "matched": 0,
        "unchecked": 0,
        "uncheckedKeys": [],
        "unmatched": 0,
        "updated": 0
      },
      "testFilePath": "/Users/it062305/dev/automationframework/apiAutomation/src/__tests__/user/signUp.test.ts",
      "testResults": [
        {
          "ancestorTitles": [
            "Login Tests"
          ],
          "duration": 618,
          "failureDetails": [],
          "failureMessages": [],
          "fullName": "Login Tests Should login successfully with valid USER credentials",
          "invocations": 1,
          "location": null,
          "numPassingAsserts": 2,
          "retryReasons": [],
          "status": "passed",
          "title": "Should login successfully with valid USER credentials"
        },
        {
          "ancestorTitles": [
            "Login Tests"
          ],
          "duration": 455,
          "failureDetails": [],
          "failureMessages": [],
          "fullName": "Login Tests Should login successfully with valid ADMIN credentials",
          "invocations": 1,
          "location": null,
          "numPassingAsserts": 2,
          "retryReasons": [],
          "status": "passed",
          "title": "Should login successfully with valid ADMIN credentials"
        }
      ],
      "console": [
        {
          "message": "USER login  {\n  accessToken: 'eyJhbGciOiJIUzI1NiIsInR5cCI6IkpXVCJ9.eyJpZCI6IjY2ZTNlZTkyYzU2ZWI2ZTA5MDE3ZmZhOSIsImlhdCI6MTczMDM3MjYwMywiZXhwIjoxNzMwMzc2MjAzfQ.IhZHmx96eNW6qhwjnZrwknaRLE6p53XGMkOU70l7T8E'\n}",
          "origin": "    at /Users/it062305/dev/automationframework/apiAutomation/src/__tests__/user/signUp.test.ts:35:17\n    at Generator.next (<anonymous>)\n    at fulfilled (/Users/it062305/dev/automationframework/apiAutomation/src/__tests__/user/signUp.test.ts:5:58)\n    at processTicksAndRejections (node:internal/process/task_queues:95:5)",
          "type": "log"
        },
        {
          "message": "ADMIN login  {\n  accessToken: 'eyJhbGciOiJIUzI1NiIsInR5cCI6IkpXVCJ9.eyJpZCI6IjY2ZmJlMzM3YTExZmJkZTBlMmEyYjFhYyIsImlhdCI6MTczMDM3MjYwMywiZXhwIjoxNzMwMzc2MjAzfQ.eyc58KsYOd7ZcthSDmF3-odVzanoKBQYtTnXnae31IY'\n}",
          "origin": "    at /Users/it062305/dev/automationframework/apiAutomation/src/__tests__/user/signUp.test.ts:35:17\n    at Generator.next (<anonymous>)\n    at fulfilled (/Users/it062305/dev/automationframework/apiAutomation/src/__tests__/user/signUp.test.ts:5:58)\n    at processTicksAndRejections (node:internal/process/task_queues:95:5)",
          "type": "log"
        }
      ],
      "failureMessage": null
    }
  ],
  "wasInterrupted": false
}