{
  "numFailedTestSuites": 0,
  "numFailedTests": 0,
  "numPassedTestSuites": 2,
  "numPassedTests": 4,
  "numPendingTestSuites": 0,
  "numPendingTests": 0,
  "numRuntimeErrorTestSuites": 0,
  "numTodoTests": 0,
  "numTotalTestSuites": 2,
  "numTotalTests": 4,
  "openHandles": [],
  "snapshot": {
    "added": 0,
    "didUpdate": false,
    "failure": false,
    "filesAdded": 0,
    "filesRemoved": 0,
    "filesRemovedList": [],
    "filesUnmatched": 0,
    "filesUpdated": 0,
    "matched": 0,
    "total": 0,
    "unchecked": 0,
    "uncheckedKeysByFile": [],
    "unmatched": 0,
    "updated": 0
  },
  "startTime": 1730264865206,
  "success": false,
  "testResults": [
    {
      "leaks": false,
      "numFailingTests": 0,
      "numPassingTests": 2,
      "numPendingTests": 0,
      "numTodoTests": 0,
      "openHandles": [],
      "perfStats": {
        "end": 1730264872568,
        "runtime": 7036,
        "slow": true,
        "start": 1730264865532
      },
      "skipped": false,
      "snapshot": {
        "added": 0,
        "fileDeleted": false,
        "matched": 0,
        "unchecked": 0,
        "uncheckedKeys": [],
        "unmatched": 0,
        "updated": 0
      },
      "testFilePath": "/Users/it062305/dev/automationframework/apiAutomation/src/__tests__/user/signUp.test.ts",
      "testResults": [
        {
          "ancestorTitles": [
            "Login Tests"
          ],
          "duration": 738,
          "failureDetails": [],
          "failureMessages": [],
          "fullName": "Login Tests Should login successfully with valid USER credentials",
          "invocations": 1,
          "location": null,
          "numPassingAsserts": 2,
          "retryReasons": [],
          "status": "passed",
          "title": "Should login successfully with valid USER credentials"
        },
        {
          "ancestorTitles": [
            "Login Tests"
          ],
          "duration": 587,
          "failureDetails": [],
          "failureMessages": [],
          "fullName": "Login Tests Should login successfully with valid ADMIN credentials",
          "invocations": 1,
          "location": null,
          "numPassingAsserts": 2,
          "retryReasons": [],
          "status": "passed",
          "title": "Should login successfully with valid ADMIN credentials"
        }
      ],
      "console": [
        {
          "message": "{\n  status: 200,\n  statusText: 'OK',\n  headers: Object [AxiosHeaders] {\n    date: 'Wed, 30 Oct 2024 05:07:51 GMT',\n    'content-type': 'application/json; charset=utf-8',\n    'transfer-encoding': 'chunked',\n    connection: 'close',\n    'x-powered-by': 'Express',\n    'access-control-allow-origin': '*',\n    etag: 'W/\"1b5-ObV2eUwhb/jth1lV/MFAcL95sWw\"',\n    'cf-cache-status': 'DYNAMIC',\n    'report-to': '{\"endpoints\":[{\"url\":\"https:\\\\/\\\\/a.nel.cloudflare.com\\\\/report\\\\/v4?s=Ju7Gb%2Fh9ldWSITzuMmb5jp0to67Ij3%2F8ffOLhFpUHN9oTdNRObw1VRfZUVRUCgPslXrYx3bYYLP%2Bc%2FzGG6tBD8x4JcUQMqnBeBMDqpVc3stTrsKK6m2yNQbTARagFo9wkZLLnTMsQw8%3D\"}],\"group\":\"cf-nel\",\"max_age\":604800}',\n    nel: '{\"success_fraction\":0,\"report_to\":\"cf-nel\",\"max_age\":604800}',\n    server: 'cloudflare',\n    'cf-ray': '8da8e257dd044d92-SIN',\n    'alt-svc': 'h3=\":443\"; ma=86400',\n    'server-timing': 'cfL4;desc=\"?proto=TCP&rtt=90128&sent=4&recv=5&lost=0&retrans=0&sent_bytes=2842&recv_bytes=792&delivery_rate=32431&cwnd=235&unsent_bytes=0&cid=1d7e24e6b0b854b6&ts=433&x=0\"'\n  },\n  config: {\n    transitional: {\n      silentJSONParsing: true,\n      forcedJSONParsing: true,\n      clarifyTimeoutError: false\n    },\n    adapter: [ 'xhr', 'http', 'fetch' ],\n    transformRequest: [ [Function: transformRequest] ],\n    transformResponse: [ [Function: transformResponse] ],\n    timeout: 20000,\n    xsrfCookieName: 'XSRF-TOKEN',\n    xsrfHeaderName: 'X-XSRF-TOKEN',\n    maxContentLength: -1,\n    maxBodyLength: -1,\n    env: { FormData: [Function], Blob: [class Blob] },\n    validateStatus: [Function: validateStatus],\n    headers: Object [AxiosHeaders] {\n      Accept: 'application/json, text/plain, */*',\n      'Content-Type': 'application/json',\n      app: 'APP',\n      'User-Agent': 'axios/1.7.2',\n      'Content-Length': '59',\n      'Accept-Encoding': 'gzip, compress, deflate, br'\n    },\n    baseURL: 'https://evc.laravel-studio.io',\n    method: 'post',\n    url: '/api/login',\n    data: '{\"email\":\"pratihar+ev@itobuz.com\",\"password\":\"Itobuz#1234\"}'\n  },\n  request: <ref *1> ClientRequest {\n    _events: [Object: null prototype] {\n      abort: [Function (anonymous)],\n      aborted: [Function (anonymous)],\n      connect: [Function (anonymous)],\n      error: [Function (anonymous)],\n      socket: [Function (anonymous)],\n      timeout: [Function (anonymous)],\n      finish: [Function: requestOnFinish]\n    },\n    _eventsCount: 7,\n    _maxListeners: undefined,\n    outputData: [],\n    outputSize: 0,\n    writable: true,\n    destroyed: true,\n    _last: true,\n    chunkedEncoding: false,\n    shouldKeepAlive: false,\n    maxRequestsOnConnectionReached: false,\n    _defaultKeepAlive: true,\n    useChunkedEncodingByDefault: true,\n    sendDate: false,\n    _removedConnection: false,\n    _removedContLen: false,\n    _removedTE: false,\n    strictContentLength: false,\n    _contentLength: '59',\n    _hasBody: true,\n    _trailer: '',\n    finished: true,\n    _headerSent: true,\n    _closed: true,\n    socket: TLSSocket {\n      _tlsOptions: [Object],\n      _secureEstablished: true,\n      _securePending: false,\n      _newSessionPending: false,\n      _controlReleased: true,\n      secureConnecting: false,\n      _SNICallback: null,\n      servername: 'evc.laravel-studio.io',\n      alpnProtocol: false,\n      authorized: true,\n      authorizationError: null,\n      encrypted: true,\n      _events: [Object: null prototype],\n      _eventsCount: 9,\n      connecting: false,\n      _hadError: false,\n      _parent: null,\n      _host: 'evc.laravel-studio.io',\n      _closeAfterHandlingError: false,\n      _readableState: [ReadableState],\n      _maxListeners: undefined,\n      _writableState: [WritableState],\n      allowHalfOpen: false,\n      _sockname: null,\n      _pendingData: null,\n      _pendingEncoding: '',\n      server: undefined,\n      _server: null,\n      ssl: null,\n      _requestCert: true,\n      _rejectUnauthorized: true,\n      parser: null,\n      _httpMessage: [Circular *1],\n      timeout: 20000,\n      write: [Function: writeAfterFIN],\n      [Symbol(res)]: null,\n      [Symbol(verified)]: true,\n      [Symbol(pendingSession)]: null,\n      [Symbol(async_id_symbol)]: 21,\n      [Symbol(kHandle)]: null,\n      [Symbol(lastWriteQueueSize)]: 0,\n      [Symbol(timeout)]: Timeout {\n        _idleTimeout: -1,\n        _idlePrev: null,\n        _idleNext: null,\n        _idleStart: 6617,\n        _onTimeout: null,\n        _timerArgs: undefined,\n        _repeat: null,\n        _destroyed: true,\n        [Symbol(refed)]: false,\n        [Symbol(kHasPrimitive)]: false,\n        [Symbol(asyncId)]: 30,\n        [Symbol(triggerId)]: 25\n      },\n      [Symbol(kBuffer)]: null,\n      [Symbol(kBufferCb)]: null,\n      [Symbol(kBufferGen)]: null,\n      [Symbol(kCapture)]: false,\n      [Symbol(kSetNoDelay)]: false,\n      [Symbol(kSetKeepAlive)]: true,\n      [Symbol(kSetKeepAliveInitialDelay)]: 60,\n      [Symbol(kBytesRead)]: 1183,\n      [Symbol(kBytesWritten)]: 311,\n      [Symbol(connect-options)]: [Object]\n    },\n    _header: 'POST /api/login HTTP/1.1\\r\\n' +\n      'Accept: application/json, text/plain, */*\\r\\n' +\n      'Content-Type: application/json\\r\\n' +\n      'app: APP\\r\\n' +\n      'User-Agent: axios/1.7.2\\r\\n' +\n      'Content-Length: 59\\r\\n' +\n      'Accept-Encoding: gzip, compress, deflate, br\\r\\n' +\n      'Host: evc.laravel-studio.io\\r\\n' +\n      'Connection: close\\r\\n' +\n      '\\r\\n',\n    _keepAliveTimeout: 0,\n    _onPendingData: [Function: nop],\n    agent: Agent {\n      _events: [Object: null prototype],\n      _eventsCount: 2,\n      _maxListeners: undefined,\n      defaultPort: 443,\n      protocol: 'https:',\n      options: [Object: null prototype],\n      requests: [Object: null prototype] {},\n      sockets: [Object: null prototype] {},\n      freeSockets: [Object: null prototype] {},\n      keepAliveMsecs: 1000,\n      keepAlive: false,\n      maxSockets: Infinity,\n      maxFreeSockets: 256,\n      scheduling: 'lifo',\n      maxTotalSockets: Infinity,\n      totalSocketCount: 0,\n      maxCachedSessions: 100,\n      _sessionCache: [Object],\n      [Symbol(kCapture)]: false\n    },\n    socketPath: undefined,\n    method: 'POST',\n    maxHeaderSize: undefined,\n    insecureHTTPParser: undefined,\n    joinDuplicateHeaders: undefined,\n    path: '/api/login',\n    _ended: true,\n    res: IncomingMessage {\n      _readableState: [ReadableState],\n      _events: [Object: null prototype],\n      _eventsCount: 4,\n      _maxListeners: undefined,\n      socket: [TLSSocket],\n      httpVersionMajor: 1,\n      httpVersionMinor: 1,\n      httpVersion: '1.1',\n      complete: true,\n      rawHeaders: [Array],\n      rawTrailers: [],\n      joinDuplicateHeaders: undefined,\n      aborted: false,\n      upgrade: false,\n      url: '',\n      method: null,\n      statusCode: 200,\n      statusMessage: 'OK',\n      client: [TLSSocket],\n      _consuming: true,\n      _dumped: false,\n      req: [Circular *1],\n      responseUrl: 'https://evc.laravel-studio.io/api/login',\n      redirects: [],\n      [Symbol(kCapture)]: false,\n      [Symbol(kHeaders)]: [Object],\n      [Symbol(kHeadersCount)]: 30,\n      [Symbol(kTrailers)]: null,\n      [Symbol(kTrailersCount)]: 0\n    },\n    aborted: false,\n    timeoutCb: null,\n    upgradeOrConnect: false,\n    parser: null,\n    maxHeadersCount: null,\n    reusedSocket: false,\n    host: 'evc.laravel-studio.io',\n    protocol: 'https:',\n    _redirectable: Writable {\n      _writableState: [WritableState],\n      _events: [Object: null prototype],\n      _eventsCount: 3,\n      _maxListeners: undefined,\n      _options: [Object],\n      _ended: true,\n      _ending: true,\n      _redirectCount: 0,\n      _redirects: [],\n      _requestBodyLength: 59,\n      _requestBodyBuffers: [],\n      _onNativeResponse: [Function (anonymous)],\n      _currentRequest: [Circular *1],\n      _currentUrl: 'https://evc.laravel-studio.io/api/login',\n      _timeout: null,\n      [Symbol(kCapture)]: false\n    },\n    [Symbol(kCapture)]: false,\n    [Symbol(kBytesWritten)]: 0,\n    [Symbol(kNeedDrain)]: false,\n    [Symbol(corked)]: 0,\n    [Symbol(kOutHeaders)]: [Object: null prototype] {\n      accept: [Array],\n      'content-type': [Array],\n      app: [Array],\n      'user-agent': [Array],\n      'content-length': [Array],\n      'accept-encoding': [Array],\n      host: [Array]\n    },\n    [Symbol(errored)]: null,\n    [Symbol(kUniqueHeaders)]: null\n  },\n  data: {\n    data: {\n      accessToken: 'eyJhbGciOiJIUzI1NiIsInR5cCI6IkpXVCJ9.eyJpZCI6IjY2ZTNlZTkyYzU2ZWI2ZTA5MDE3ZmZhOSIsImlhdCI6MTczMDI2NDg3MSwiZXhwIjoxNzMwMjY4NDcxfQ.H8gRyVC04357gGuVe4gzMvr_-m31d-3LSrmfswt5WS8',\n      refreshToken: 'eyJhbGciOiJIUzI1NiIsInR5cCI6IkpXVCJ9.eyJpZCI6IjY2ZTNlZTkyYzU2ZWI2ZTA5MDE3ZmZhOSIsImlhdCI6MTczMDI2NDg3MSwiZXhwIjoxNzMwMzUxMjcxfQ.0g_kp1FzAaCFSVohIeVTWcsdt82LHOZzALNeQL6ZhAc'\n    },\n    message: 'Successfully logged in',\n    success: true\n  }\n}",
          "origin": "    at log (/Users/it062305/dev/automationframework/apiAutomation/src/lib/apiClient.ts:84:13)\n    at Generator.next (<anonymous>)\n    at fulfilled (/Users/it062305/dev/automationframework/apiAutomation/src/lib/apiClient.ts:1219:24)\n    at processTicksAndRejections (node:internal/process/task_queues:95:5)",
          "type": "log"
        },
        {
          "message": "USER login  {\n  accessToken: 'eyJhbGciOiJIUzI1NiIsInR5cCI6IkpXVCJ9.eyJpZCI6IjY2ZTNlZTkyYzU2ZWI2ZTA5MDE3ZmZhOSIsImlhdCI6MTczMDI2NDg3MSwiZXhwIjoxNzMwMjY4NDcxfQ.H8gRyVC04357gGuVe4gzMvr_-m31d-3LSrmfswt5WS8'\n}",
          "origin": "    at /Users/it062305/dev/automationframework/apiAutomation/src/__tests__/user/signUp.test.ts:35:17\n    at Generator.next (<anonymous>)\n    at fulfilled (/Users/it062305/dev/automationframework/apiAutomation/src/__tests__/user/signUp.test.ts:5:58)\n    at processTicksAndRejections (node:internal/process/task_queues:95:5)",
          "type": "log"
        },
        {
          "message": "{\n  status: 200,\n  statusText: 'OK',\n  headers: Object [AxiosHeaders] {\n    date: 'Wed, 30 Oct 2024 05:07:52 GMT',\n    'content-type': 'application/json; charset=utf-8',\n    'transfer-encoding': 'chunked',\n    connection: 'close',\n    'x-powered-by': 'Express',\n    'access-control-allow-origin': '*',\n    etag: 'W/\"1b5-uJCOA2OVPJAVP2d2GvXFGIroBAI\"',\n    'cf-cache-status': 'DYNAMIC',\n    'report-to': '{\"endpoints\":[{\"url\":\"https:\\\\/\\\\/a.nel.cloudflare.com\\\\/report\\\\/v4?s=awvexUTnkl6SMfJMc6mrpaktL5nmsJBNbIj6%2BscnIlFwbdU9cD8uqb6YXHTMw1b3rErYgTr90NrHE62jnaSnsqCM0PLpIz5LslgrKoAHQcPzXiQEJuozdtJcLLUG0dufCDuTh%2BgdBX4%3D\"}],\"group\":\"cf-nel\",\"max_age\":604800}',\n    nel: '{\"success_fraction\":0,\"report_to\":\"cf-nel\",\"max_age\":604800}',\n    server: 'cloudflare',\n    'cf-ray': '8da8e25bdf1f18ba-SIN',\n    'alt-svc': 'h3=\":443\"; ma=86400',\n    'server-timing': 'cfL4;desc=\"?proto=TCP&rtt=86106&sent=3&recv=5&lost=0&retrans=0&sent_bytes=219&recv_bytes=1053&delivery_rate=17281&cwnd=154&unsent_bytes=0&cid=9fe3b669ffa9a9ef&ts=385&x=0\"'\n  },\n  config: {\n    transitional: {\n      silentJSONParsing: true,\n      forcedJSONParsing: true,\n      clarifyTimeoutError: false\n    },\n    adapter: [ 'xhr', 'http', 'fetch' ],\n    transformRequest: [ [Function: transformRequest] ],\n    transformResponse: [ [Function: transformResponse] ],\n    timeout: 20000,\n    xsrfCookieName: 'XSRF-TOKEN',\n    xsrfHeaderName: 'X-XSRF-TOKEN',\n    maxContentLength: -1,\n    maxBodyLength: -1,\n    env: { FormData: [Function], Blob: [class Blob] },\n    validateStatus: [Function: validateStatus],\n    headers: Object [AxiosHeaders] {\n      Accept: 'application/json, text/plain, */*',\n      'Content-Type': 'application/json',\n      app: 'ADMIN',\n      'User-Agent': 'axios/1.7.2',\n      'Content-Length': '63',\n      'Accept-Encoding': 'gzip, compress, deflate, br'\n    },\n    baseURL: 'https://evc.laravel-studio.io',\n    method: 'post',\n    url: '/api/login',\n    data: '{\"email\":\"pratihar+admin@itobuz.com\",\"password\":\"Itobuz#12345\"}'\n  },\n  request: <ref *1> ClientRequest {\n    _events: [Object: null prototype] {\n      abort: [Function (anonymous)],\n      aborted: [Function (anonymous)],\n      connect: [Function (anonymous)],\n      error: [Function (anonymous)],\n      socket: [Function (anonymous)],\n      timeout: [Function (anonymous)],\n      finish: [Function: requestOnFinish]\n    },\n    _eventsCount: 7,\n    _maxListeners: undefined,\n    outputData: [],\n    outputSize: 0,\n    writable: true,\n    destroyed: true,\n    _last: true,\n    chunkedEncoding: false,\n    shouldKeepAlive: false,\n    maxRequestsOnConnectionReached: false,\n    _defaultKeepAlive: true,\n    useChunkedEncodingByDefault: true,\n    sendDate: false,\n    _removedConnection: false,\n    _removedContLen: false,\n    _removedTE: false,\n    strictContentLength: false,\n    _contentLength: '63',\n    _hasBody: true,\n    _trailer: '',\n    finished: true,\n    _headerSent: true,\n    _closed: true,\n    socket: TLSSocket {\n      _tlsOptions: [Object],\n      _secureEstablished: true,\n      _securePending: false,\n      _newSessionPending: false,\n      _controlReleased: true,\n      secureConnecting: false,\n      _SNICallback: null,\n      servername: 'evc.laravel-studio.io',\n      alpnProtocol: false,\n      authorized: true,\n      authorizationError: null,\n      encrypted: true,\n      _events: [Object: null prototype],\n      _eventsCount: 9,\n      connecting: false,\n      _hadError: false,\n      _parent: null,\n      _host: 'evc.laravel-studio.io',\n      _closeAfterHandlingError: false,\n      _readableState: [ReadableState],\n      _maxListeners: undefined,\n      _writableState: [WritableState],\n      allowHalfOpen: false,\n      _sockname: null,\n      _pendingData: null,\n      _pendingEncoding: '',\n      server: undefined,\n      _server: null,\n      ssl: null,\n      _requestCert: true,\n      _rejectUnauthorized: true,\n      parser: null,\n      _httpMessage: [Circular *1],\n      timeout: 20000,\n      write: [Function: writeAfterFIN],\n      [Symbol(res)]: null,\n      [Symbol(verified)]: true,\n      [Symbol(pendingSession)]: null,\n      [Symbol(async_id_symbol)]: 56,\n      [Symbol(kHandle)]: null,\n      [Symbol(lastWriteQueueSize)]: 0,\n      [Symbol(timeout)]: Timeout {\n        _idleTimeout: -1,\n        _idlePrev: null,\n        _idleNext: null,\n        _idleStart: 7224,\n        _onTimeout: null,\n        _timerArgs: undefined,\n        _repeat: null,\n        _destroyed: true,\n        [Symbol(refed)]: false,\n        [Symbol(kHasPrimitive)]: false,\n        [Symbol(asyncId)]: 64,\n        [Symbol(triggerId)]: 59\n      },\n      [Symbol(kBuffer)]: null,\n      [Symbol(kBufferCb)]: null,\n      [Symbol(kBufferGen)]: null,\n      [Symbol(kCapture)]: false,\n      [Symbol(kSetNoDelay)]: false,\n      [Symbol(kSetKeepAlive)]: true,\n      [Symbol(kSetKeepAliveInitialDelay)]: 60,\n      [Symbol(kBytesRead)]: 1178,\n      [Symbol(kBytesWritten)]: 317,\n      [Symbol(connect-options)]: [Object]\n    },\n    _header: 'POST /api/login HTTP/1.1\\r\\n' +\n      'Accept: application/json, text/plain, */*\\r\\n' +\n      'Content-Type: application/json\\r\\n' +\n      'app: ADMIN\\r\\n' +\n      'User-Agent: axios/1.7.2\\r\\n' +\n      'Content-Length: 63\\r\\n' +\n      'Accept-Encoding: gzip, compress, deflate, br\\r\\n' +\n      'Host: evc.laravel-studio.io\\r\\n' +\n      'Connection: close\\r\\n' +\n      '\\r\\n',\n    _keepAliveTimeout: 0,\n    _onPendingData: [Function: nop],\n    agent: Agent {\n      _events: [Object: null prototype],\n      _eventsCount: 2,\n      _maxListeners: undefined,\n      defaultPort: 443,\n      protocol: 'https:',\n      options: [Object: null prototype],\n      requests: [Object: null prototype] {},\n      sockets: [Object: null prototype] {},\n      freeSockets: [Object: null prototype] {},\n      keepAliveMsecs: 1000,\n      keepAlive: false,\n      maxSockets: Infinity,\n      maxFreeSockets: 256,\n      scheduling: 'lifo',\n      maxTotalSockets: Infinity,\n      totalSocketCount: 0,\n      maxCachedSessions: 100,\n      _sessionCache: [Object],\n      [Symbol(kCapture)]: false\n    },\n    socketPath: undefined,\n    method: 'POST',\n    maxHeaderSize: undefined,\n    insecureHTTPParser: undefined,\n    joinDuplicateHeaders: undefined,\n    path: '/api/login',\n    _ended: true,\n    res: IncomingMessage {\n      _readableState: [ReadableState],\n      _events: [Object: null prototype],\n      _eventsCount: 4,\n      _maxListeners: undefined,\n      socket: [TLSSocket],\n      httpVersionMajor: 1,\n      httpVersionMinor: 1,\n      httpVersion: '1.1',\n      complete: true,\n      rawHeaders: [Array],\n      rawTrailers: [],\n      joinDuplicateHeaders: undefined,\n      aborted: false,\n      upgrade: false,\n      url: '',\n      method: null,\n      statusCode: 200,\n      statusMessage: 'OK',\n      client: [TLSSocket],\n      _consuming: true,\n      _dumped: false,\n      req: [Circular *1],\n      responseUrl: 'https://evc.laravel-studio.io/api/login',\n      redirects: [],\n      [Symbol(kCapture)]: false,\n      [Symbol(kHeaders)]: [Object],\n      [Symbol(kHeadersCount)]: 30,\n      [Symbol(kTrailers)]: null,\n      [Symbol(kTrailersCount)]: 0\n    },\n    aborted: false,\n    timeoutCb: null,\n    upgradeOrConnect: false,\n    parser: null,\n    maxHeadersCount: null,\n    reusedSocket: false,\n    host: 'evc.laravel-studio.io',\n    protocol: 'https:',\n    _redirectable: Writable {\n      _writableState: [WritableState],\n      _events: [Object: null prototype],\n      _eventsCount: 3,\n      _maxListeners: undefined,\n      _options: [Object],\n      _ended: true,\n      _ending: true,\n      _redirectCount: 0,\n      _redirects: [],\n      _requestBodyLength: 63,\n      _requestBodyBuffers: [],\n      _onNativeResponse: [Function (anonymous)],\n      _currentRequest: [Circular *1],\n      _currentUrl: 'https://evc.laravel-studio.io/api/login',\n      _timeout: null,\n      [Symbol(kCapture)]: false\n    },\n    [Symbol(kCapture)]: false,\n    [Symbol(kBytesWritten)]: 0,\n    [Symbol(kNeedDrain)]: false,\n    [Symbol(corked)]: 0,\n    [Symbol(kOutHeaders)]: [Object: null prototype] {\n      accept: [Array],\n      'content-type': [Array],\n      app: [Array],\n      'user-agent': [Array],\n      'content-length': [Array],\n      'accept-encoding': [Array],\n      host: [Array]\n    },\n    [Symbol(errored)]: null,\n    [Symbol(kUniqueHeaders)]: null\n  },\n  data: {\n    data: {\n      accessToken: 'eyJhbGciOiJIUzI1NiIsInR5cCI6IkpXVCJ9.eyJpZCI6IjY2ZmJlMzM3YTExZmJkZTBlMmEyYjFhYyIsImlhdCI6MTczMDI2NDg3MiwiZXhwIjoxNzMwMjY4NDcyfQ.K5z65vYhKj7jmCx-bdQLcnetlAsANQ88cKgQUUVE520',\n      refreshToken: 'eyJhbGciOiJIUzI1NiIsInR5cCI6IkpXVCJ9.eyJpZCI6IjY2ZmJlMzM3YTExZmJkZTBlMmEyYjFhYyIsImlhdCI6MTczMDI2NDg3MiwiZXhwIjoxNzMwMzUxMjcyfQ.ftQXGz0_IDqePymysjsDfw4TWjQ8xaere8OVKwBL6E4'\n    },\n    message: 'Successfully logged in',\n    success: true\n  }\n}",
          "origin": "    at log (/Users/it062305/dev/automationframework/apiAutomation/src/lib/apiClient.ts:84:13)\n    at Generator.next (<anonymous>)\n    at fulfilled (/Users/it062305/dev/automationframework/apiAutomation/src/lib/apiClient.ts:1219:24)\n    at processTicksAndRejections (node:internal/process/task_queues:95:5)",
          "type": "log"
        },
        {
          "message": "ADMIN login  {\n  accessToken: 'eyJhbGciOiJIUzI1NiIsInR5cCI6IkpXVCJ9.eyJpZCI6IjY2ZmJlMzM3YTExZmJkZTBlMmEyYjFhYyIsImlhdCI6MTczMDI2NDg3MiwiZXhwIjoxNzMwMjY4NDcyfQ.K5z65vYhKj7jmCx-bdQLcnetlAsANQ88cKgQUUVE520'\n}",
          "origin": "    at /Users/it062305/dev/automationframework/apiAutomation/src/__tests__/user/signUp.test.ts:35:17\n    at Generator.next (<anonymous>)\n    at fulfilled (/Users/it062305/dev/automationframework/apiAutomation/src/__tests__/user/signUp.test.ts:5:58)\n    at processTicksAndRejections (node:internal/process/task_queues:95:5)",
          "type": "log"
        }
      ],
      "failureMessage": null
    },
    {
      "leaks": false,
      "numFailingTests": 0,
      "numPassingTests": 2,
      "numPendingTests": 0,
      "numTodoTests": 0,
      "openHandles": [],
      "perfStats": {
        "end": 1730264877283,
        "runtime": 11751,
        "slow": true,
        "start": 1730264865532
      },
      "skipped": false,
      "snapshot": {
        "added": 0,
        "fileDeleted": false,
        "matched": 0,
        "unchecked": 0,
        "uncheckedKeys": [],
        "unmatched": 0,
        "updated": 0
      },
      "testFilePath": "/Users/it062305/dev/automationframework/apiAutomation/src/__tests__/user/api.test.ts",
      "testResults": [
        {
          "ancestorTitles": [
            "Login Tests"
          ],
          "duration": 735,
          "failureDetails": [],
          "failureMessages": [],
          "fullName": "Login Tests Should login successfully with valid USER credentials",
          "invocations": 1,
          "location": null,
          "numPassingAsserts": 2,
          "retryReasons": [],
          "status": "passed",
          "title": "Should login successfully with valid USER credentials"
        },
        {
          "ancestorTitles": [
            "Login Tests"
          ],
          "duration": 666,
          "failureDetails": [],
          "failureMessages": [],
          "fullName": "Login Tests Should login successfully with valid ADMIN credentials",
          "invocations": 1,
          "location": null,
          "numPassingAsserts": 2,
          "retryReasons": [],
          "status": "passed",
          "title": "Should login successfully with valid ADMIN credentials"
        }
      ],
      "console": [
        {
          "message": "{\n  status: 200,\n  statusText: 'OK',\n  headers: Object [AxiosHeaders] {\n    date: 'Wed, 30 Oct 2024 05:07:56 GMT',\n    'content-type': 'application/json; charset=utf-8',\n    'transfer-encoding': 'chunked',\n    connection: 'close',\n    'x-powered-by': 'Express',\n    'access-control-allow-origin': '*',\n    etag: 'W/\"1b5-lyyLUN6esp00K0x37MoplOJ4ZSs\"',\n    'cf-cache-status': 'DYNAMIC',\n    'report-to': '{\"endpoints\":[{\"url\":\"https:\\\\/\\\\/a.nel.cloudflare.com\\\\/report\\\\/v4?s=Zj4Snv4mR9xwBQl3XUEuVgSg4pGJeQx6WzIgMPbtNEltFqdjVQVx50Lpd3FD7%2FZQOijdtdOtQMKb070PKJiHTC2kYcCYKNbStTgBbZdpuOxgIT0TAN0%2FgmxtTMIy%2FQtO%2BgM4%2B3a2L9Q%3D\"}],\"group\":\"cf-nel\",\"max_age\":604800}',\n    nel: '{\"success_fraction\":0,\"report_to\":\"cf-nel\",\"max_age\":604800}',\n    server: 'cloudflare',\n    'cf-ray': '8da8e274c8e3a078-SIN',\n    'alt-svc': 'h3=\":443\"; ma=86400',\n    'server-timing': 'cfL4;desc=\"?proto=TCP&rtt=90163&sent=4&recv=5&lost=0&retrans=0&sent_bytes=2842&recv_bytes=792&delivery_rate=32780&cwnd=181&unsent_bytes=0&cid=dc205c0f83535f89&ts=455&x=0\"'\n  },\n  config: {\n    transitional: {\n      silentJSONParsing: true,\n      forcedJSONParsing: true,\n      clarifyTimeoutError: false\n    },\n    adapter: [ 'xhr', 'http', 'fetch' ],\n    transformRequest: [ [Function: transformRequest] ],\n    transformResponse: [ [Function: transformResponse] ],\n    timeout: 20000,\n    xsrfCookieName: 'XSRF-TOKEN',\n    xsrfHeaderName: 'X-XSRF-TOKEN',\n    maxContentLength: -1,\n    maxBodyLength: -1,\n    env: { FormData: [Function], Blob: [class Blob] },\n    validateStatus: [Function: validateStatus],\n    headers: Object [AxiosHeaders] {\n      Accept: 'application/json, text/plain, */*',\n      'Content-Type': 'application/json',\n      app: 'APP',\n      'User-Agent': 'axios/1.7.2',\n      'Content-Length': '59',\n      'Accept-Encoding': 'gzip, compress, deflate, br'\n    },\n    baseURL: 'https://evc.laravel-studio.io',\n    method: 'post',\n    url: '/api/login',\n    data: '{\"email\":\"pratihar+ev@itobuz.com\",\"password\":\"Itobuz#1234\"}'\n  },\n  request: <ref *1> ClientRequest {\n    _events: [Object: null prototype] {\n      abort: [Function (anonymous)],\n      aborted: [Function (anonymous)],\n      connect: [Function (anonymous)],\n      error: [Function (anonymous)],\n      socket: [Function (anonymous)],\n      timeout: [Function (anonymous)],\n      finish: [Function: requestOnFinish]\n    },\n    _eventsCount: 7,\n    _maxListeners: undefined,\n    outputData: [],\n    outputSize: 0,\n    writable: true,\n    destroyed: true,\n    _last: true,\n    chunkedEncoding: false,\n    shouldKeepAlive: false,\n    maxRequestsOnConnectionReached: false,\n    _defaultKeepAlive: true,\n    useChunkedEncodingByDefault: true,\n    sendDate: false,\n    _removedConnection: false,\n    _removedContLen: false,\n    _removedTE: false,\n    strictContentLength: false,\n    _contentLength: '59',\n    _hasBody: true,\n    _trailer: '',\n    finished: true,\n    _headerSent: true,\n    _closed: true,\n    socket: TLSSocket {\n      _tlsOptions: [Object],\n      _secureEstablished: true,\n      _securePending: false,\n      _newSessionPending: false,\n      _controlReleased: true,\n      secureConnecting: false,\n      _SNICallback: null,\n      servername: 'evc.laravel-studio.io',\n      alpnProtocol: false,\n      authorized: true,\n      authorizationError: null,\n      encrypted: true,\n      _events: [Object: null prototype],\n      _eventsCount: 9,\n      connecting: false,\n      _hadError: false,\n      _parent: null,\n      _host: 'evc.laravel-studio.io',\n      _closeAfterHandlingError: false,\n      _readableState: [ReadableState],\n      _maxListeners: undefined,\n      _writableState: [WritableState],\n      allowHalfOpen: false,\n      _sockname: null,\n      _pendingData: null,\n      _pendingEncoding: '',\n      server: undefined,\n      _server: null,\n      ssl: null,\n      _requestCert: true,\n      _rejectUnauthorized: true,\n      parser: null,\n      _httpMessage: [Circular *1],\n      timeout: 20000,\n      write: [Function: writeAfterFIN],\n      [Symbol(res)]: null,\n      [Symbol(verified)]: true,\n      [Symbol(pendingSession)]: null,\n      [Symbol(async_id_symbol)]: 73,\n      [Symbol(kHandle)]: null,\n      [Symbol(lastWriteQueueSize)]: 0,\n      [Symbol(timeout)]: Timeout {\n        _idleTimeout: -1,\n        _idlePrev: null,\n        _idleNext: null,\n        _idleStart: 11257,\n        _onTimeout: null,\n        _timerArgs: undefined,\n        _repeat: null,\n        _destroyed: true,\n        [Symbol(refed)]: false,\n        [Symbol(kHasPrimitive)]: false,\n        [Symbol(asyncId)]: 82,\n        [Symbol(triggerId)]: 77\n      },\n      [Symbol(kBuffer)]: null,\n      [Symbol(kBufferCb)]: null,\n      [Symbol(kBufferGen)]: null,\n      [Symbol(kCapture)]: false,\n      [Symbol(kSetNoDelay)]: false,\n      [Symbol(kSetKeepAlive)]: true,\n      [Symbol(kSetKeepAliveInitialDelay)]: 60,\n      [Symbol(kBytesRead)]: 1185,\n      [Symbol(kBytesWritten)]: 311,\n      [Symbol(connect-options)]: [Object]\n    },\n    _header: 'POST /api/login HTTP/1.1\\r\\n' +\n      'Accept: application/json, text/plain, */*\\r\\n' +\n      'Content-Type: application/json\\r\\n' +\n      'app: APP\\r\\n' +\n      'User-Agent: axios/1.7.2\\r\\n' +\n      'Content-Length: 59\\r\\n' +\n      'Accept-Encoding: gzip, compress, deflate, br\\r\\n' +\n      'Host: evc.laravel-studio.io\\r\\n' +\n      'Connection: close\\r\\n' +\n      '\\r\\n',\n    _keepAliveTimeout: 0,\n    _onPendingData: [Function: nop],\n    agent: Agent {\n      _events: [Object: null prototype],\n      _eventsCount: 2,\n      _maxListeners: undefined,\n      defaultPort: 443,\n      protocol: 'https:',\n      options: [Object: null prototype],\n      requests: [Object: null prototype] {},\n      sockets: [Object: null prototype] {},\n      freeSockets: [Object: null prototype] {},\n      keepAliveMsecs: 1000,\n      keepAlive: false,\n      maxSockets: Infinity,\n      maxFreeSockets: 256,\n      scheduling: 'lifo',\n      maxTotalSockets: Infinity,\n      totalSocketCount: 0,\n      maxCachedSessions: 100,\n      _sessionCache: [Object],\n      [Symbol(kCapture)]: false\n    },\n    socketPath: undefined,\n    method: 'POST',\n    maxHeaderSize: undefined,\n    insecureHTTPParser: undefined,\n    joinDuplicateHeaders: undefined,\n    path: '/api/login',\n    _ended: true,\n    res: IncomingMessage {\n      _readableState: [ReadableState],\n      _events: [Object: null prototype],\n      _eventsCount: 4,\n      _maxListeners: undefined,\n      socket: [TLSSocket],\n      httpVersionMajor: 1,\n      httpVersionMinor: 1,\n      httpVersion: '1.1',\n      complete: true,\n      rawHeaders: [Array],\n      rawTrailers: [],\n      joinDuplicateHeaders: undefined,\n      aborted: false,\n      upgrade: false,\n      url: '',\n      method: null,\n      statusCode: 200,\n      statusMessage: 'OK',\n      client: [TLSSocket],\n      _consuming: true,\n      _dumped: false,\n      req: [Circular *1],\n      responseUrl: 'https://evc.laravel-studio.io/api/login',\n      redirects: [],\n      [Symbol(kCapture)]: false,\n      [Symbol(kHeaders)]: [Object],\n      [Symbol(kHeadersCount)]: 30,\n      [Symbol(kTrailers)]: null,\n      [Symbol(kTrailersCount)]: 0\n    },\n    aborted: false,\n    timeoutCb: null,\n    upgradeOrConnect: false,\n    parser: null,\n    maxHeadersCount: null,\n    reusedSocket: false,\n    host: 'evc.laravel-studio.io',\n    protocol: 'https:',\n    _redirectable: Writable {\n      _writableState: [WritableState],\n      _events: [Object: null prototype],\n      _eventsCount: 3,\n      _maxListeners: undefined,\n      _options: [Object],\n      _ended: true,\n      _ending: true,\n      _redirectCount: 0,\n      _redirects: [],\n      _requestBodyLength: 59,\n      _requestBodyBuffers: [],\n      _onNativeResponse: [Function (anonymous)],\n      _currentRequest: [Circular *1],\n      _currentUrl: 'https://evc.laravel-studio.io/api/login',\n      _timeout: null,\n      [Symbol(kCapture)]: false\n    },\n    [Symbol(kCapture)]: false,\n    [Symbol(kBytesWritten)]: 0,\n    [Symbol(kNeedDrain)]: false,\n    [Symbol(corked)]: 0,\n    [Symbol(kOutHeaders)]: [Object: null prototype] {\n      accept: [Array],\n      'content-type': [Array],\n      app: [Array],\n      'user-agent': [Array],\n      'content-length': [Array],\n      'accept-encoding': [Array],\n      host: [Array]\n    },\n    [Symbol(errored)]: null,\n    [Symbol(kUniqueHeaders)]: null\n  },\n  data: {\n    data: {\n      accessToken: 'eyJhbGciOiJIUzI1NiIsInR5cCI6IkpXVCJ9.eyJpZCI6IjY2ZTNlZTkyYzU2ZWI2ZTA5MDE3ZmZhOSIsImlhdCI6MTczMDI2NDg3NiwiZXhwIjoxNzMwMjY4NDc2fQ.jyJjJaxRYUtZiFeTyuZVRVGBmgm88EwudHxkdhgnmkY',\n      refreshToken: 'eyJhbGciOiJIUzI1NiIsInR5cCI6IkpXVCJ9.eyJpZCI6IjY2ZTNlZTkyYzU2ZWI2ZTA5MDE3ZmZhOSIsImlhdCI6MTczMDI2NDg3NiwiZXhwIjoxNzMwMzUxMjc2fQ.1W7LQkKqMjbvypQw1-prLk175LJSi_K4zEGof1ExKd0'\n    },\n    message: 'Successfully logged in',\n    success: true\n  }\n}",
          "origin": "    at log (/Users/it062305/dev/automationframework/apiAutomation/src/lib/apiClient.ts:84:13)\n    at Generator.next (<anonymous>)\n    at fulfilled (/Users/it062305/dev/automationframework/apiAutomation/src/lib/apiClient.ts:1219:24)\n    at processTicksAndRejections (node:internal/process/task_queues:95:5)",
          "type": "log"
        },
        {
          "message": "{\n  status: 200,\n  statusText: 'OK',\n  headers: Object [AxiosHeaders] {\n    date: 'Wed, 30 Oct 2024 05:07:57 GMT',\n    'content-type': 'application/json; charset=utf-8',\n    'transfer-encoding': 'chunked',\n    connection: 'close',\n    'x-powered-by': 'Express',\n    'access-control-allow-origin': '*',\n    etag: 'W/\"1b5-GFj5ek6LyhEbO/uxzBneh5QMEyA\"',\n    'cf-cache-status': 'DYNAMIC',\n    'report-to': '{\"endpoints\":[{\"url\":\"https:\\\\/\\\\/a.nel.cloudflare.com\\\\/report\\\\/v4?s=1ec%2FZMSx85hr8tU3fLXc7gRgO3mYI50YAy8cSRfX9PUIemdTvuVKOgBoJMwH6h3%2BLuryfVE9kzzfEgorWjO9MDDBhOyd4bwIr9zpCdLN9QDfx6IbNJ6eTV49h3DCXzh6dC82RgCcRcY%3D\"}],\"group\":\"cf-nel\",\"max_age\":604800}',\n    nel: '{\"success_fraction\":0,\"report_to\":\"cf-nel\",\"max_age\":604800}',\n    server: 'cloudflare',\n    'cf-ray': '8da8e278e818cdd1-SIN',\n    'alt-svc': 'h3=\":443\"; ma=86400',\n    'server-timing': 'cfL4;desc=\"?proto=TCP&rtt=89476&sent=3&recv=5&lost=0&retrans=0&sent_bytes=219&recv_bytes=1053&delivery_rate=16466&cwnd=245&unsent_bytes=0&cid=2e04686a7351d737&ts=391&x=0\"'\n  },\n  config: {\n    transitional: {\n      silentJSONParsing: true,\n      forcedJSONParsing: true,\n      clarifyTimeoutError: false\n    },\n    adapter: [ 'xhr', 'http', 'fetch' ],\n    transformRequest: [ [Function: transformRequest] ],\n    transformResponse: [ [Function: transformResponse] ],\n    timeout: 20000,\n    xsrfCookieName: 'XSRF-TOKEN',\n    xsrfHeaderName: 'X-XSRF-TOKEN',\n    maxContentLength: -1,\n    maxBodyLength: -1,\n    env: { FormData: [Function], Blob: [class Blob] },\n    validateStatus: [Function: validateStatus],\n    headers: Object [AxiosHeaders] {\n      Accept: 'application/json, text/plain, */*',\n      'Content-Type': 'application/json',\n      app: 'ADMIN',\n      'User-Agent': 'axios/1.7.2',\n      'Content-Length': '63',\n      'Accept-Encoding': 'gzip, compress, deflate, br'\n    },\n    baseURL: 'https://evc.laravel-studio.io',\n    method: 'post',\n    url: '/api/login',\n    data: '{\"email\":\"pratihar+admin@itobuz.com\",\"password\":\"Itobuz#12345\"}'\n  },\n  request: <ref *1> ClientRequest {\n    _events: [Object: null prototype] {\n      abort: [Function (anonymous)],\n      aborted: [Function (anonymous)],\n      connect: [Function (anonymous)],\n      error: [Function (anonymous)],\n      socket: [Function (anonymous)],\n      timeout: [Function (anonymous)],\n      finish: [Function: requestOnFinish]\n    },\n    _eventsCount: 7,\n    _maxListeners: undefined,\n    outputData: [],\n    outputSize: 0,\n    writable: true,\n    destroyed: true,\n    _last: true,\n    chunkedEncoding: false,\n    shouldKeepAlive: false,\n    maxRequestsOnConnectionReached: false,\n    _defaultKeepAlive: true,\n    useChunkedEncodingByDefault: true,\n    sendDate: false,\n    _removedConnection: false,\n    _removedContLen: false,\n    _removedTE: false,\n    strictContentLength: false,\n    _contentLength: '63',\n    _hasBody: true,\n    _trailer: '',\n    finished: true,\n    _headerSent: true,\n    _closed: true,\n    socket: TLSSocket {\n      _tlsOptions: [Object],\n      _secureEstablished: true,\n      _securePending: false,\n      _newSessionPending: false,\n      _controlReleased: true,\n      secureConnecting: false,\n      _SNICallback: null,\n      servername: 'evc.laravel-studio.io',\n      alpnProtocol: false,\n      authorized: true,\n      authorizationError: null,\n      encrypted: true,\n      _events: [Object: null prototype],\n      _eventsCount: 9,\n      connecting: false,\n      _hadError: false,\n      _parent: null,\n      _host: 'evc.laravel-studio.io',\n      _closeAfterHandlingError: false,\n      _readableState: [ReadableState],\n      _maxListeners: undefined,\n      _writableState: [WritableState],\n      allowHalfOpen: false,\n      _sockname: null,\n      _pendingData: null,\n      _pendingEncoding: '',\n      server: undefined,\n      _server: null,\n      ssl: null,\n      _requestCert: true,\n      _rejectUnauthorized: true,\n      parser: null,\n      _httpMessage: [Circular *1],\n      timeout: 20000,\n      write: [Function: writeAfterFIN],\n      [Symbol(res)]: null,\n      [Symbol(verified)]: true,\n      [Symbol(pendingSession)]: null,\n      [Symbol(async_id_symbol)]: 108,\n      [Symbol(kHandle)]: null,\n      [Symbol(lastWriteQueueSize)]: 0,\n      [Symbol(timeout)]: Timeout {\n        _idleTimeout: -1,\n        _idlePrev: null,\n        _idleNext: null,\n        _idleStart: 11940,\n        _onTimeout: null,\n        _timerArgs: undefined,\n        _repeat: null,\n        _destroyed: true,\n        [Symbol(refed)]: false,\n        [Symbol(kHasPrimitive)]: false,\n        [Symbol(asyncId)]: 116,\n        [Symbol(triggerId)]: 111\n      },\n      [Symbol(kBuffer)]: null,\n      [Symbol(kBufferCb)]: null,\n      [Symbol(kBufferGen)]: null,\n      [Symbol(kCapture)]: false,\n      [Symbol(kSetNoDelay)]: false,\n      [Symbol(kSetKeepAlive)]: true,\n      [Symbol(kSetKeepAliveInitialDelay)]: 60,\n      [Symbol(kBytesRead)]: 1178,\n      [Symbol(kBytesWritten)]: 317,\n      [Symbol(connect-options)]: [Object]\n    },\n    _header: 'POST /api/login HTTP/1.1\\r\\n' +\n      'Accept: application/json, text/plain, */*\\r\\n' +\n      'Content-Type: application/json\\r\\n' +\n      'app: ADMIN\\r\\n' +\n      'User-Agent: axios/1.7.2\\r\\n' +\n      'Content-Length: 63\\r\\n' +\n      'Accept-Encoding: gzip, compress, deflate, br\\r\\n' +\n      'Host: evc.laravel-studio.io\\r\\n' +\n      'Connection: close\\r\\n' +\n      '\\r\\n',\n    _keepAliveTimeout: 0,\n    _onPendingData: [Function: nop],\n    agent: Agent {\n      _events: [Object: null prototype],\n      _eventsCount: 2,\n      _maxListeners: undefined,\n      defaultPort: 443,\n      protocol: 'https:',\n      options: [Object: null prototype],\n      requests: [Object: null prototype] {},\n      sockets: [Object: null prototype] {},\n      freeSockets: [Object: null prototype] {},\n      keepAliveMsecs: 1000,\n      keepAlive: false,\n      maxSockets: Infinity,\n      maxFreeSockets: 256,\n      scheduling: 'lifo',\n      maxTotalSockets: Infinity,\n      totalSocketCount: 0,\n      maxCachedSessions: 100,\n      _sessionCache: [Object],\n      [Symbol(kCapture)]: false\n    },\n    socketPath: undefined,\n    method: 'POST',\n    maxHeaderSize: undefined,\n    insecureHTTPParser: undefined,\n    joinDuplicateHeaders: undefined,\n    path: '/api/login',\n    _ended: true,\n    res: IncomingMessage {\n      _readableState: [ReadableState],\n      _events: [Object: null prototype],\n      _eventsCount: 4,\n      _maxListeners: undefined,\n      socket: [TLSSocket],\n      httpVersionMajor: 1,\n      httpVersionMinor: 1,\n      httpVersion: '1.1',\n      complete: true,\n      rawHeaders: [Array],\n      rawTrailers: [],\n      joinDuplicateHeaders: undefined,\n      aborted: false,\n      upgrade: false,\n      url: '',\n      method: null,\n      statusCode: 200,\n      statusMessage: 'OK',\n      client: [TLSSocket],\n      _consuming: true,\n      _dumped: false,\n      req: [Circular *1],\n      responseUrl: 'https://evc.laravel-studio.io/api/login',\n      redirects: [],\n      [Symbol(kCapture)]: false,\n      [Symbol(kHeaders)]: [Object],\n      [Symbol(kHeadersCount)]: 30,\n      [Symbol(kTrailers)]: null,\n      [Symbol(kTrailersCount)]: 0\n    },\n    aborted: false,\n    timeoutCb: null,\n    upgradeOrConnect: false,\n    parser: null,\n    maxHeadersCount: null,\n    reusedSocket: false,\n    host: 'evc.laravel-studio.io',\n    protocol: 'https:',\n    _redirectable: Writable {\n      _writableState: [WritableState],\n      _events: [Object: null prototype],\n      _eventsCount: 3,\n      _maxListeners: undefined,\n      _options: [Object],\n      _ended: true,\n      _ending: true,\n      _redirectCount: 0,\n      _redirects: [],\n      _requestBodyLength: 63,\n      _requestBodyBuffers: [],\n      _onNativeResponse: [Function (anonymous)],\n      _currentRequest: [Circular *1],\n      _currentUrl: 'https://evc.laravel-studio.io/api/login',\n      _timeout: null,\n      [Symbol(kCapture)]: false\n    },\n    [Symbol(kCapture)]: false,\n    [Symbol(kBytesWritten)]: 0,\n    [Symbol(kNeedDrain)]: false,\n    [Symbol(corked)]: 0,\n    [Symbol(kOutHeaders)]: [Object: null prototype] {\n      accept: [Array],\n      'content-type': [Array],\n      app: [Array],\n      'user-agent': [Array],\n      'content-length': [Array],\n      'accept-encoding': [Array],\n      host: [Array]\n    },\n    [Symbol(errored)]: null,\n    [Symbol(kUniqueHeaders)]: null\n  },\n  data: {\n    data: {\n      accessToken: 'eyJhbGciOiJIUzI1NiIsInR5cCI6IkpXVCJ9.eyJpZCI6IjY2ZmJlMzM3YTExZmJkZTBlMmEyYjFhYyIsImlhdCI6MTczMDI2NDg3NywiZXhwIjoxNzMwMjY4NDc3fQ.u0frdrTFF3fAiaSZVCuJ5rYHdA8OjNyFN1wbOd4uRqo',\n      refreshToken: 'eyJhbGciOiJIUzI1NiIsInR5cCI6IkpXVCJ9.eyJpZCI6IjY2ZmJlMzM3YTExZmJkZTBlMmEyYjFhYyIsImlhdCI6MTczMDI2NDg3NywiZXhwIjoxNzMwMzUxMjc3fQ.kYmopiAy0arwOKHcJQftwxNOuVpdPuh0axaFE1Gm5mc'\n    },\n    message: 'Successfully logged in',\n    success: true\n  }\n}",
          "origin": "    at log (/Users/it062305/dev/automationframework/apiAutomation/src/lib/apiClient.ts:84:13)\n    at Generator.next (<anonymous>)\n    at fulfilled (/Users/it062305/dev/automationframework/apiAutomation/src/lib/apiClient.ts:1219:24)\n    at processTicksAndRejections (node:internal/process/task_queues:95:5)",
          "type": "log"
        }
      ],
      "failureMessage": null
    }
  ],
  "wasInterrupted": false
}