<?xml version="1.0" encoding="UTF-8"?>
<coverage generated="1730264877620" clover="3.2.0">
  <project timestamp="1730264877620" name="All files">
    <metrics statements="19" coveredstatements="15" conditionals="9" coveredconditionals="6" methods="1" coveredmethods="1" elements="29" coveredelements="22" complexity="0" loc="19" ncloc="19" packages="1" files="1" classes="1"/>
    <file name="apiClient.ts" path="/Users/it062305/dev/automationframework/apiAutomation/src/lib/apiClient.ts">
      <metrics statements="19" coveredstatements="15" conditionals="9" coveredconditionals="6" methods="1" coveredmethods="1"/>
      <line num="50" count="2" type="stmt"/>
      <line num="53" count="2" type="stmt"/>
      <line num="62" count="2" type="stmt"/>
      <line num="73" count="4" type="stmt"/>
      <line num="79" count="4" type="cond" truecount="2" falsecount="0"/>
      <line num="81" count="4" type="stmt"/>
      <line num="83" count="4" type="stmt"/>
      <line num="84" count="4" type="stmt"/>
      <line num="85" count="4" type="stmt"/>
      <line num="88" count="4" type="cond" truecount="0" falsecount="1"/>
      <line num="89" count="0" type="stmt"/>
      <line num="92" count="4" type="cond" truecount="3" falsecount="1"/>
      <line num="93" count="4" type="cond" truecount="1" falsecount="1"/>
      <line num="95" count="4" type="stmt"/>
      <line num="96" count="4" type="stmt"/>
      <line num="98" count="0" type="stmt"/>
      <line num="101" count="0" type="stmt"/>
      <line num="102" count="0" type="stmt"/>
      <line num="106" count="2" type="stmt"/>
    </file>
  </project>
</coverage>
