{"/Users/it062305/dev/automationframework/apiAutomation/src/lib/apiClient.ts": {"path":"/Users/it062305/dev/automationframework/apiAutomation/src/lib/apiClient.ts","statementMap":{"0":{"start":{"line":50,"column":0},"end":{"line":50,"column":45}},"1":{"start":{"line":53,"column":33},"end":{"line":60,"column":2}},"2":{"start":{"line":106,"column":9},"end":{"line":106,"column":18}},"3":{"start":{"line":62,"column":32},"end":{"line":69,"column":2}},"4":{"start":{"line":106,"column":27},"end":{"line":106,"column":35}},"5":{"start":{"line":73,"column":23},"end":{"line":76,"column":4}},"6":{"start":{"line":79,"column":22},"end":{"line":79,"column":60}},"7":{"start":{"line":81,"column":2},"end":{"line":103,"column":3}},"8":{"start":{"line":83,"column":21},"end":{"line":83,"column":71}},"9":{"start":{"line":85,"column":39},"end":{"line":85,"column":52}},"10":{"start":{"line":88,"column":4},"end":{"line":90,"column":5}},"11":{"start":{"line":89,"column":6},"end":{"line":89,"column":50}},"12":{"start":{"line":92,"column":24},"end":{"line":92,"column":41}},"13":{"start":{"line":93,"column":4},"end":{"line":99,"column":5}},"14":{"start":{"line":95,"column":6},"end":{"line":95,"column":82}},"15":{"start":{"line":96,"column":6},"end":{"line":96,"column":29}},"16":{"start":{"line":98,"column":6},"end":{"line":98,"column":57}},"17":{"start":{"line":101,"column":4},"end":{"line":101,"column":41}},"18":{"start":{"line":102,"column":4},"end":{"line":102,"column":16}},"19":{"start":{"line":106,"column":20},"end":{"line":106,"column":25}}},"fnMap":{"0":{"name":"login","decl":{"start":{"line":72,"column":15},"end":{"line":72,"column":20}},"loc":{"start":{"line":72,"column":68},"end":{"line":104,"column":null}}}},"branchMap":{"0":{"loc":{"start":{"line":79,"column":22},"end":{"line":79,"column":60}},"type":"cond-expr","locations":[{"start":{"line":79,"column":40},"end":{"line":79,"column":48}},{"start":{"line":79,"column":51},"end":{"line":79,"column":60}}]},"1":{"loc":{"start":{"line":88,"column":4},"end":{"line":90,"column":5}},"type":"if","locations":[{"start":{"line":88,"column":4},"end":{"line":90,"column":5}}]},"2":{"loc":{"start":{"line":92,"column":24},"end":{"line":92,"column":41}},"type":"cond-expr","locations":[{"start":{"line":92,"column":28},"end":{"line":92,"column":30}},{"start":{"line":92,"column":24},"end":{"line":92,"column":41}}]},"3":{"loc":{"start":{"line":92,"column":24},"end":{"line":92,"column":30}},"type":"binary-expr","locations":[{"start":{"line":92,"column":24},"end":{"line":92,"column":30}},{"start":{"line":92,"column":24},"end":{"line":92,"column":30}}]},"4":{"loc":{"start":{"line":93,"column":4},"end":{"line":99,"column":5}},"type":"if","locations":[{"start":{"line":93,"column":4},"end":{"line":99,"column":5}},{"start":{"line":97,"column":11},"end":{"line":99,"column":5}}]}},"s":{"0":2,"1":2,"2":2,"3":2,"4":2,"5":4,"6":4,"7":4,"8":4,"9":4,"10":4,"11":0,"12":4,"13":4,"14":4,"15":4,"16":0,"17":0,"18":0,"19":2},"f":{"0":4},"b":{"0":[2,2],"1":[0],"2":[0,4],"3":[4,4],"4":[4,0]}}
}
